<?xml version="1.0" encoding="utf-8"?><!DOCTYPE vymmap>
<vymmap  version="2.4.0" author="Uwe Drechsel" title="VYM - View Your Mind" 
    date="2015-04-24" branchCount="6" backgroundColor="#ffffff" defaultFont="Sans Serif,16,-1,0,50,0,0,0,0,0" selectionColor="#ffff00" linkStyle="StylePolyParabel" linkColor="#0000ff" defXLinkColor="#0211e6" defXLinkWidth="1" defXLinkPenStyle="Qt::DashLine" defXLinkStyleBegin="HeadFull" defXLinkStyleEnd="HeadFull" mapZoomFactor="1" mapRotationAngle="0" linkColorHint="HeadingColor">
    <mapcenter absPosX="0" absPosY="0" hideLink="false" uuid="{27bcd406-6fd4-455a-9323-c4cecc5c2498}">
        <heading  textColor="#000000">View Your Mind</heading>
        <frame  frameType="Cloud" penColor="#000000" brushColor="#ffffff" padding="5" borderWidth="3" />
        <vymnote  fonthint="undef">
<html>
        <head>
          <meta name="qrichtext" content="1"></meta>
          <style type="text/css">
p, li { white-space: pre-wrap; }
</style>
        </head>
        <body style=" font-family:'Sans Serif'; font-size:9pt; font-weight:400; font-style:normal;">
          <p style=" margin-top:12px; margin-bottom:12px; margin-left:0px; margin-right:0px; -qt-block-indent:0; text-indent:0px; font-size:10pt;">
            <span style=" font-size:11pt;">This page was exported directly from </span>
            <span style=" font-size:11pt; color:#5500ff;">vym</span>
            <span style=" font-size:11pt;">. It shows some of the features </span>
            <span style=" font-size:11pt; color:#5500ff;">vym</span>
            <span style=" font-size:11pt;"> offers to collect and present ideas and data. Editing the content of the page in </span>
            <span style=" font-size:11pt; color:#5500ff;">vym</span>
            <span style=" font-size:11pt;"> is really easy and intuitive, just grab something with the mouse and move it to another place.</span>
          </p>
          <p style=" margin-top:12px; margin-bottom:12px; margin-left:0px; margin-right:0px; -qt-block-indent:0; text-indent:0px; font-size:10pt;">
            <span style=" font-size:11pt;">Usually you will work with two windows:</span>
          </p>
          <ul style="-qt-list-indent: 1;">
            <li style=" font-size:10pt;  margin-top:12px; margin-bottom:0px; margin-left:0px; margin-right:0px; -qt-block-indent:0; text-indent:0px;">
              <span style=" font-size:11pt;">Mainwindow shows the map as seen in the image above</span>
            </li>
            <li style=" font-size:10pt;  margin-top:0px; margin-bottom:12px; margin-left:0px; margin-right:0px; -qt-block-indent:0; text-indent:0px;">
              <span style=" font-size:11pt;">Noteeditor which is used to edit larger text like this one (and the others) in grey boxes here. The noteeditor always shows the content of the branch selected in the mainwindow.</span>
            </li>
          </ul>
          <p style=" margin-top:12px; margin-bottom:12px; margin-left:0px; margin-right:0px; -qt-block-indent:0; text-indent:0px; font-size:10pt;">
            <span style=" font-size:11pt; color:#0000ff;">vym</span>
            <span style=" font-size:11pt;"> is not another drawing tool, it is a thinking tool. It is also a planning tool. Maybe some kind of database, too. The idea is to use it dynamically, just change the map when your thoughts change. The possibility to export the content e.g. to a website as seen here, was added recently. Another new export filter allows to easily create a presentation in Open Office.</span>
          </p>
          <p style=" margin-top:12px; margin-bottom:12px; margin-left:0px; margin-right:0px; -qt-block-indent:0; text-indent:0px; font-size:10pt;">
            <span style=" font-size:11pt;">Enjoy </span>
            <span style=" font-size:11pt; color:#5500ff;">vym!</span>
          </p>
          <p align="justify" style=" margin-top:12px; margin-bottom:12px; margin-left:0px; margin-right:0px; -qt-block-indent:0; text-indent:0px; font-size:10pt;">
            <span style=" font-size:11pt;">Uwe Drechsel                  &lt;vym at insilmaril dot de&gt;</span>
          </p>
          <p style="-qt-paragraph-type:empty; margin-top:12px; margin-bottom:12px; margin-left:0px; margin-right:0px; -qt-block-indent:0; text-indent:0px; font-size:10pt;"></p>
        </body>
      </html>
        </vymnote>
        <branch relPosX="165" relPosY="-28" hideLink="false" incImgV="true" incImgH="true" uuid="{d91a5a92-151b-45ac-bb07-7292f27ad43d}">
            <heading  textColor="#ff5500">Examples</heading>
            <frame  frameType="RoundedRectangle" penColor="#ff8000" brushColor="#ececec" padding="5" borderWidth="1" includeChildren="true" />
            <standardflag>lamp</standardflag>
            <branch hideLink="false" uuid="{b001fe07-3734-48d6-a992-582250fb9bb8}">
                <heading  textColor="#ff5500">RichText in Noteeditor</heading>
                <vymnote  fonthint="fixed">
<html><head><meta name="qrichtext" content="1"></meta><style type="text/css">
p, li { white-space: pre-wrap; }
</style></head><body style=" font-family:'Arial'; font-size:12pt; font-weight:400; font-style:normal;">
<p style=" margin-top:0px; margin-bottom:0px; margin-left:0px; margin-right:0px; -qt-block-indent:0; text-indent:0px;"><span style=" font-family:'Sans Serif'; font-size:22pt;">The</span><span style=" font-family:'Sans Serif'; font-size:9pt;">   </span><span style=" font-family:'Sans Serif'; font-size:22pt; text-decoration: underline; color:#0432ff;">Note Editor</span><span style=" font-family:'Sans Serif'; font-size:9pt;">  </span><span style=" font-family:'Sans Serif'; font-size:16pt; font-style:italic;">can be used to edit</span></p>
<p style=" margin-top:0px; margin-bottom:0px; margin-left:0px; margin-right:0px; -qt-block-indent:0; text-indent:0px;"><span style=" font-family:'Sans Serif'; font-size:9pt;">   </span><span style=" font-family:'Sans Serif'; font-size:22pt; font-weight:600; color:#ff0000;">R</span><span style=" font-family:'Sans Serif'; font-size:22pt; font-weight:600; color:#ff0af3;">i</span><span style=" font-family:'Sans Serif'; font-size:22pt; font-weight:600; color:#a77709;">c</span><span style=" font-family:'Sans Serif'; font-size:22pt; font-weight:600; color:#0432ff;">h</span><span style=" font-family:'Sans Serif'; font-size:22pt; font-weight:600; color:#be03b5;">T</span><span style=" font-family:'Sans Serif'; font-size:22pt; font-weight:600; color:#ff0000;">e</span><span style=" font-family:'Sans Serif'; font-size:22pt; font-weight:600; color:#ff0af3;">x</span><span style=" font-family:'Sans Serif'; font-size:22pt; font-weight:600; color:#0432ff;">t</span><span style=" font-family:'Sans Serif'; font-size:9pt;">                          </span>                                                                                  </p></body></html>

                </vymnote>
            </branch>
            <branch hideLink="false" uuid="{08ac4b95-1fc5-4ba5-9ca5-473199f66d13}">
                <heading  textColor="#ff5500">&lt;!DOCTYPE HTML PUBLIC &quot;-//W3C//DTD HTML 4.0//EN&quot; &quot;http://www.w3.org/TR/REC-html40/strict.dtd&quot;&gt;
&lt;html&gt;&lt;head&gt;&lt;meta name=&quot;qrichtext&quot; content=&quot;1&quot; /&gt;&lt;style type=&quot;text/css&quot;&gt;
p, li { white-space: pre-wrap; }
&lt;/style&gt;&lt;/head&gt;&lt;body style=&quot; font-family:'Arial'; font-size:12pt; font-weight:400; font-style:normal;&quot;&gt;
&lt;p style=&quot; margin-top:0px; margin-bottom:0px; margin-left:0px; margin-right:0px; -qt-block-indent:0; text-indent:0px;&quot;&gt;&lt;span style=&quot; font-family:'DejaVu Sans Mono'; font-weight:600; color:#ff007f;&quot;&gt;RichText&lt;/span&gt;&lt;span style=&quot; font-family:'DejaVu Sans Mono'; color:#000000;&quot;&gt; in &lt;/span&gt;&lt;span style=&quot; font-family:'DejaVu Sans Mono'; font-weight:600; color:#55ff00;&quot;&gt;Heading&lt;/span&gt;&lt;span style=&quot; font-family:'DejaVu Sans Mono'; color:#000000;&quot;&gt; which is &amp;lt;b&amp;gt;not bold&amp;lt;/b&amp;gt;!&lt;/span&gt;&lt;/p&gt;&lt;/body&gt;&lt;/html&gt;</heading>
            </branch>
        </branch>
        <branch relPosX="-841" relPosY="402" hideLink="true" uuid="{6d8bffc6-3234-4229-9a39-a2a5e1e527ba}">
            <heading  textColor="#000000">.</heading>
        </branch>
        <branch relPosX="574" relPosY="265" hideLink="true" uuid="{2131fabe-1bc9-4ca5-9f0c-3c00bd1eccc3}">
            <heading  textColor="#000000">.</heading>
        </branch>
    </mapcenter>
    <select>mc:0</select>
</vymmap>
